d:\# 2018-19 shu\8 glodon\#code\glodon_blackhorse_9\structure\02-graphic\01-ssr_sln\01-identify&feature\ssr_graphic\x64\debug\vc142.pdb
d:\# 2018-19 shu\8 glodon\#code\glodon_blackhorse_9\structure\02-graphic\01-ssr_sln\01-identify&feature\ssr_graphic\x64\debug\vc142.idb
d:\# 2018-19 shu\8 glodon\#code\glodon_blackhorse_9\structure\02-graphic\01-ssr_sln\01-identify&feature\ssr_graphic\x64\debug\entryfun.obj
d:\# 2018-19 shu\8 glodon\#code\glodon_blackhorse_9\structure\02-graphic\01-ssr_sln\01-identify&feature\ssr_graphic\x64\debug\exif.obj
d:\# 2018-19 shu\8 glodon\#code\glodon_blackhorse_9\structure\02-graphic\01-ssr_sln\01-identify&feature\ssr_graphic\x64\debug\cvprogramfunctions.obj
d:\# 2018-19 shu\8 glodon\#code\glodon_blackhorse_9\structure\02-graphic\01-ssr_sln\01-identify&feature\ssr_graphic\x64\debug\cvgefunctions.obj
d:\# 2018-19 shu\8 glodon\#code\glodon_blackhorse_9\structure\02-graphic\01-ssr_sln\01-identify&feature\ssr_graphic\x64\debug\commandsgraphic.obj
d:\# 2018-19 shu\8 glodon\#code\glodon_blackhorse_9\structure\02-graphic\01-ssr_sln\00-sln\x64\debug\ssr_graphic.pdb
d:\# 2018-19 shu\8 glodon\#code\glodon_blackhorse_9\structure\02-graphic\01-ssr_sln\01-identify&feature\ssr_graphic\x64\debug\ssr_graphic.tlog\cl.command.1.tlog
d:\# 2018-19 shu\8 glodon\#code\glodon_blackhorse_9\structure\02-graphic\01-ssr_sln\01-identify&feature\ssr_graphic\x64\debug\ssr_graphic.tlog\cl.read.1.tlog
d:\# 2018-19 shu\8 glodon\#code\glodon_blackhorse_9\structure\02-graphic\01-ssr_sln\01-identify&feature\ssr_graphic\x64\debug\ssr_graphic.tlog\cl.write.1.tlog
d:\# 2018-19 shu\8 glodon\#code\glodon_blackhorse_9\structure\02-graphic\01-ssr_sln\01-identify&feature\ssr_graphic\x64\debug\ssr_graphic.tlog\link-cvtres.read.1.tlog
d:\# 2018-19 shu\8 glodon\#code\glodon_blackhorse_9\structure\02-graphic\01-ssr_sln\01-identify&feature\ssr_graphic\x64\debug\ssr_graphic.tlog\link-cvtres.write.1.tlog
d:\# 2018-19 shu\8 glodon\#code\glodon_blackhorse_9\structure\02-graphic\01-ssr_sln\01-identify&feature\ssr_graphic\x64\debug\ssr_graphic.tlog\link-rc.read.1.tlog
d:\# 2018-19 shu\8 glodon\#code\glodon_blackhorse_9\structure\02-graphic\01-ssr_sln\01-identify&feature\ssr_graphic\x64\debug\ssr_graphic.tlog\link-rc.write.1.tlog
d:\# 2018-19 shu\8 glodon\#code\glodon_blackhorse_9\structure\02-graphic\01-ssr_sln\01-identify&feature\ssr_graphic\x64\debug\ssr_graphic.tlog\link.27512-cvtres.read.1.tlog
d:\# 2018-19 shu\8 glodon\#code\glodon_blackhorse_9\structure\02-graphic\01-ssr_sln\01-identify&feature\ssr_graphic\x64\debug\ssr_graphic.tlog\link.27512-cvtres.write.1.tlog
d:\# 2018-19 shu\8 glodon\#code\glodon_blackhorse_9\structure\02-graphic\01-ssr_sln\01-identify&feature\ssr_graphic\x64\debug\ssr_graphic.tlog\link.27512-rc.read.1.tlog
d:\# 2018-19 shu\8 glodon\#code\glodon_blackhorse_9\structure\02-graphic\01-ssr_sln\01-identify&feature\ssr_graphic\x64\debug\ssr_graphic.tlog\link.27512-rc.write.1.tlog
d:\# 2018-19 shu\8 glodon\#code\glodon_blackhorse_9\structure\02-graphic\01-ssr_sln\01-identify&feature\ssr_graphic\x64\debug\ssr_graphic.tlog\link.27512.read.1.tlog
d:\# 2018-19 shu\8 glodon\#code\glodon_blackhorse_9\structure\02-graphic\01-ssr_sln\01-identify&feature\ssr_graphic\x64\debug\ssr_graphic.tlog\link.27512.write.1.tlog
d:\# 2018-19 shu\8 glodon\#code\glodon_blackhorse_9\structure\02-graphic\01-ssr_sln\01-identify&feature\ssr_graphic\x64\debug\ssr_graphic.tlog\link.command.1.tlog
d:\# 2018-19 shu\8 glodon\#code\glodon_blackhorse_9\structure\02-graphic\01-ssr_sln\01-identify&feature\ssr_graphic\x64\debug\ssr_graphic.tlog\link.read.1.tlog
d:\# 2018-19 shu\8 glodon\#code\glodon_blackhorse_9\structure\02-graphic\01-ssr_sln\01-identify&feature\ssr_graphic\x64\debug\ssr_graphic.tlog\link.write.1.tlog
